# JRE version: OpenJDK Runtime Environment (17.0.14+7) (build 17.0.14+7)
# Java VM: OpenJDK 64-Bit Server VM (17.0.14+7, mixed mode, sharing, tiered, compressed oops, compressed class ptrs, g1 gc, linux-amd64)
GC Precious Log:
 CPUs: 16 total, 16 available
 Memory: 15403M
 Large Page Support: Disabled
 NUMA Support: Disabled
 Compressed Oops: Enabled (32-bit)
 Heap Region Size: 1M
 Heap Min Capacity: 8M
 Heap Initial Capacity: 242M
 Heap Max Capacity: 2G
 Pre-touch: Disabled
 Parallel Workers: 13
 Concurrent Workers: 3
 Concurrent Refinement Workers: 13
 Periodic GC: Disabled
Heap:
 garbage-first heap   total 393216K, used 72218K [0x0000000080000000, 0x0000000100000000)
  region size 1024K, 31 young (31744K), 14 survivors (14336K)
 Metaspace       used 43714K, committed 44160K, reserved 491520K
  class space    used 6088K, committed 6272K, reserved 425984K
GC Heap History (20 events):
Event: 7,891 GC heap before
{Heap before GC invocations=28 (full 0):
 garbage-first heap   total 272384K, used 199863K [0x0000000080000000, 0x0000000100000000)
  region size 1024K, 159 young (162816K), 9 survivors (9216K)
 Metaspace       used 43705K, committed 44096K, reserved 491520K
  class space    used 6088K, committed 6272K, reserved 425984K
}
Event: 7,897 GC heap after
{Heap after GC invocations=29 (full 0):
 garbage-first heap   total 272384K, used 47265K [0x0000000080000000, 0x0000000100000000)
  region size 1024K, 10 young (10240K), 10 survivors (10240K)
 Metaspace       used 43705K, committed 44096K, reserved 491520K
  class space    used 6088K, committed 6272K, reserved 425984K
}
Event: 8,154 GC heap before
{Heap before GC invocations=29 (full 0):
 garbage-first heap   total 272384K, used 199841K [0x0000000080000000, 0x0000000100000000)
  region size 1024K, 159 young (162816K), 10 survivors (10240K)
 Metaspace       used 43707K, committed 44096K, reserved 491520K
  class space    used 6088K, committed 6272K, reserved 425984K
}
Event: 8,160 GC heap after
{Heap after GC invocations=30 (full 0):
 garbage-first heap   total 272384K, used 47897K [0x0000000080000000, 0x0000000100000000)
  region size 1024K, 10 young (10240K), 10 survivors (10240K)
 Metaspace       used 43707K, committed 44096K, reserved 491520K
  class space    used 6088K, committed 6272K, reserved 425984K
}
Event: 8,459 GC heap before
{Heap before GC invocations=30 (full 0):
 garbage-first heap   total 272384K, used 200473K [0x0000000080000000, 0x0000000100000000)
  region size 1024K, 159 young (162816K), 10 survivors (10240K)
 Metaspace       used 43710K, committed 44160K, reserved 491520K
  class space    used 6088K, committed 6272K, reserved 425984K
}
Event: 8,468 GC heap after
{Heap after GC invocations=31 (full 0):
 garbage-first heap   total 272384K, used 49162K [0x0000000080000000, 0x0000000100000000)
  region size 1024K, 11 young (11264K), 11 survivors (11264K)
 Metaspace       used 43710K, committed 44160K, reserved 491520K
  class space    used 6088K, committed 6272K, reserved 425984K
}
Event: 8,762 GC heap before
{Heap before GC invocations=31 (full 0):
 garbage-first heap   total 272384K, used 200714K [0x0000000080000000, 0x0000000100000000)
  region size 1024K, 159 young (162816K), 11 survivors (11264K)
 Metaspace       used 43710K, committed 44160K, reserved 491520K
  class space    used 6088K, committed 6272K, reserved 425984K
}
Event: 8,769 GC heap after
{Heap after GC invocations=32 (full 0):
 garbage-first heap   total 272384K, used 50148K [0x0000000080000000, 0x0000000100000000)
  region size 1024K, 11 young (11264K), 11 survivors (11264K)
 Metaspace       used 43710K, committed 44160K, reserved 491520K
  class space    used 6088K, committed 6272K, reserved 425984K
}
Event: 9,039 GC heap before
{Heap before GC invocations=32 (full 0):
 garbage-first heap   total 272384K, used 201700K [0x0000000080000000, 0x0000000100000000)
  region size 1024K, 159 young (162816K), 11 survivors (11264K)
 Metaspace       used 43710K, committed 44160K, reserved 491520K
  class space    used 6088K, committed 6272K, reserved 425984K
}
Event: 9,047 GC heap after
{Heap after GC invocations=33 (full 0):
 garbage-first heap   total 327680K, used 50947K [0x0000000080000000, 0x0000000100000000)
  region size 1024K, 12 young (12288K), 12 survivors (12288K)
 Metaspace       used 43710K, committed 44160K, reserved 491520K
  class space    used 6088K, committed 6272K, reserved 425984K
}
Event: 9,322 GC heap before
{Heap before GC invocations=33 (full 0):
 garbage-first heap   total 327680K, used 235267K [0x0000000080000000, 0x0000000100000000)
  region size 1024K, 192 young (196608K), 12 survivors (12288K)
 Metaspace       used 43710K, committed 44160K, reserved 491520K
  class space    used 6088K, committed 6272K, reserved 425984K
}
Event: 9,329 GC heap after
{Heap after GC invocations=34 (full 0):
 garbage-first heap   total 327680K, used 52229K [0x0000000080000000, 0x0000000100000000)
  region size 1024K, 13 young (13312K), 13 survivors (13312K)
 Metaspace       used 43710K, committed 44160K, reserved 491520K
  class space    used 6088K, committed 6272K, reserved 425984K
}
Event: 9,585 GC heap before
{Heap before GC invocations=34 (full 0):
 garbage-first heap   total 327680K, used 235525K [0x0000000080000000, 0x0000000100000000)
  region size 1024K, 192 young (196608K), 13 survivors (13312K)
 Metaspace       used 43710K, committed 44160K, reserved 491520K
  class space    used 6088K, committed 6272K, reserved 425984K
}
Event: 9,592 GC heap after
{Heap after GC invocations=35 (full 0):
 garbage-first heap   total 327680K, used 52615K [0x0000000080000000, 0x0000000100000000)
  region size 1024K, 12 young (12288K), 12 survivors (12288K)
 Metaspace       used 43710K, committed 44160K, reserved 491520K
  class space    used 6088K, committed 6272K, reserved 425984K
}
Event: 9,854 GC heap before
{Heap before GC invocations=35 (full 0):
 garbage-first heap   total 327680K, used 236935K [0x0000000080000000, 0x0000000100000000)
  region size 1024K, 192 young (196608K), 12 survivors (12288K)
 Metaspace       used 43712K, committed 44160K, reserved 491520K
  class space    used 6088K, committed 6272K, reserved 425984K
}
Event: 9,860 GC heap after
{Heap after GC invocations=36 (full 0):
 garbage-first heap   total 327680K, used 54036K [0x0000000080000000, 0x0000000100000000)
  region size 1024K, 13 young (13312K), 13 survivors (13312K)
 Metaspace       used 43712K, committed 44160K, reserved 491520K
  class space    used 6088K, committed 6272K, reserved 425984K
}
Event: 10,093 GC heap before
{Heap before GC invocations=36 (full 0):
 garbage-first heap   total 327680K, used 237332K [0x0000000080000000, 0x0000000100000000)
  region size 1024K, 192 young (196608K), 13 survivors (13312K)
 Metaspace       used 43714K, committed 44160K, reserved 491520K
  class space    used 6088K, committed 6272K, reserved 425984K
}
Event: 10,100 GC heap after
{Heap after GC invocations=37 (full 0):
 garbage-first heap   total 327680K, used 54565K [0x0000000080000000, 0x0000000100000000)
  region size 1024K, 13 young (13312K), 13 survivors (13312K)
 Metaspace       used 43714K, committed 44160K, reserved 491520K
  class space    used 6088K, committed 6272K, reserved 425984K
}
Event: 10,312 GC heap before
{Heap before GC invocations=37 (full 0):
 garbage-first heap   total 327680K, used 237861K [0x0000000080000000, 0x0000000100000000)
  region size 1024K, 192 young (196608K), 13 survivors (13312K)
 Metaspace       used 43714K, committed 44160K, reserved 491520K
  class space    used 6088K, committed 6272K, reserved 425984K
}
Event: 10,319 GC heap after
{Heap after GC invocations=38 (full 0):
 garbage-first heap   total 393216K, used 55834K [0x0000000080000000, 0x0000000100000000)
  region size 1024K, 14 young (14336K), 14 survivors (14336K)
 Metaspace       used 43714K, committed 44160K, reserved 491520K
  class space    used 6088K, committed 6272K, reserved 425984K
}

