# JRE version: OpenJDK Runtime Environment (17.0.14+7) (build 17.0.14+7)
# Java VM: OpenJDK 64-Bit Server VM (17.0.14+7, mixed mode, sharing, tiered, compressed oops, compressed class ptrs, g1 gc, linux-amd64)
GC Precious Log:
 CPUs: 16 total, 16 available
 Memory: 15403M
 Large Page Support: Disabled
 NUMA Support: Disabled
 Compressed Oops: Enabled (32-bit)
 Heap Region Size: 1M
 Heap Min Capacity: 8M
 Heap Initial Capacity: 242M
 Heap Max Capacity: 2G
 Pre-touch: Disabled
 Parallel Workers: 13
 Concurrent Workers: 3
 Concurrent Refinement Workers: 13
 Periodic GC: Disabled
Heap:
 garbage-first heap   total 159744K, used 109571K [0x0000000080000000, 0x0000000100000000)
  region size 1024K, 68 young (69632K), 12 survivors (12288K)
 Metaspace       used 58850K, committed 59520K, reserved 491520K
  class space    used 8257K, committed 8576K, reserved 425984K
GC Heap History (20 events):
Event: 0,355 GC heap before
{Heap before GC invocations=0 (full 0):
 garbage-first heap   total 249856K, used 27568K [0x0000000080000000, 0x0000000100000000)
  region size 1024K, 23 young (23552K), 0 survivors (0K)
 Metaspace       used 1803K, committed 1984K, reserved 491520K
  class space    used 166K, committed 256K, reserved 425984K
}
Event: 0,361 GC heap after
{Heap after GC invocations=1 (full 0):
 garbage-first heap   total 249856K, used 11132K [0x0000000080000000, 0x0000000100000000)
  region size 1024K, 3 young (3072K), 3 survivors (3072K)
 Metaspace       used 1803K, committed 1984K, reserved 491520K
  class space    used 166K, committed 256K, reserved 425984K
}
Event: 0,776 GC heap before
{Heap before GC invocations=1 (full 0):
 garbage-first heap   total 249856K, used 47996K [0x0000000080000000, 0x0000000100000000)
  region size 1024K, 39 young (39936K), 3 survivors (3072K)
 Metaspace       used 4521K, committed 4672K, reserved 491520K
  class space    used 552K, committed 640K, reserved 425984K
}
Event: 0,780 GC heap after
{Heap after GC invocations=2 (full 0):
 garbage-first heap   total 249856K, used 13072K [0x0000000080000000, 0x0000000100000000)
  region size 1024K, 2 young (2048K), 2 survivors (2048K)
 Metaspace       used 4521K, committed 4672K, reserved 491520K
  class space    used 552K, committed 640K, reserved 425984K
}
Event: 2,608 GC heap before
{Heap before GC invocations=2 (full 0):
 garbage-first heap   total 249856K, used 136976K [0x0000000080000000, 0x0000000100000000)
  region size 1024K, 122 young (124928K), 2 survivors (2048K)
 Metaspace       used 21158K, committed 21504K, reserved 491520K
  class space    used 3082K, committed 3264K, reserved 425984K
}
Event: 2,636 GC heap after
{Heap after GC invocations=3 (full 0):
 garbage-first heap   total 249856K, used 24449K [0x0000000080000000, 0x0000000100000000)
  region size 1024K, 12 young (12288K), 12 survivors (12288K)
 Metaspace       used 21158K, committed 21504K, reserved 491520K
  class space    used 3082K, committed 3264K, reserved 425984K
}
Event: 3,210 GC heap before
{Heap before GC invocations=4 (full 0):
 garbage-first heap   total 89088K, used 65409K [0x0000000080000000, 0x0000000100000000)
  region size 1024K, 52 young (53248K), 12 survivors (12288K)
 Metaspace       used 25746K, committed 26112K, reserved 491520K
  class space    used 3803K, committed 3968K, reserved 425984K
}
Event: 3,238 GC heap after
{Heap after GC invocations=5 (full 0):
 garbage-first heap   total 89088K, used 26496K [0x0000000080000000, 0x0000000100000000)
  region size 1024K, 3 young (3072K), 3 survivors (3072K)
 Metaspace       used 25746K, committed 26112K, reserved 491520K
  class space    used 3803K, committed 3968K, reserved 425984K
}
Event: 3,253 GC heap before
{Heap before GC invocations=5 (full 0):
 garbage-first heap   total 89088K, used 27520K [0x0000000080000000, 0x0000000100000000)
  region size 1024K, 4 young (4096K), 3 survivors (3072K)
 Metaspace       used 25850K, committed 26240K, reserved 491520K
  class space    used 3827K, committed 4032K, reserved 425984K
}
Event: 3,256 GC heap after
{Heap after GC invocations=6 (full 0):
 garbage-first heap   total 89088K, used 26511K [0x0000000080000000, 0x0000000100000000)
  region size 1024K, 1 young (1024K), 1 survivors (1024K)
 Metaspace       used 25850K, committed 26240K, reserved 491520K
  class space    used 3827K, committed 4032K, reserved 425984K
}
Event: 3,716 GC heap before
{Heap before GC invocations=6 (full 0):
 garbage-first heap   total 89088K, used 64399K [0x0000000080000000, 0x0000000100000000)
  region size 1024K, 39 young (39936K), 1 survivors (1024K)
 Metaspace       used 31641K, committed 32064K, reserved 491520K
  class space    used 4447K, committed 4672K, reserved 425984K
}
Event: 3,720 GC heap after
{Heap after GC invocations=7 (full 0):
 garbage-first heap   total 89088K, used 30482K [0x0000000080000000, 0x0000000100000000)
  region size 1024K, 5 young (5120K), 5 survivors (5120K)
 Metaspace       used 31641K, committed 32064K, reserved 491520K
  class space    used 4447K, committed 4672K, reserved 425984K
}
Event: 4,245 GC heap before
{Heap before GC invocations=7 (full 0):
 garbage-first heap   total 89088K, used 69394K [0x0000000080000000, 0x0000000100000000)
  region size 1024K, 39 young (39936K), 5 survivors (5120K)
 Metaspace       used 35591K, committed 35968K, reserved 491520K
  class space    used 4962K, committed 5120K, reserved 425984K
}
Event: 4,249 GC heap after
{Heap after GC invocations=8 (full 0):
 garbage-first heap   total 89088K, used 32523K [0x0000000080000000, 0x0000000100000000)
  region size 1024K, 4 young (4096K), 4 survivors (4096K)
 Metaspace       used 35591K, committed 35968K, reserved 491520K
  class space    used 4962K, committed 5120K, reserved 425984K
}
Event: 4,696 GC heap before
{Heap before GC invocations=9 (full 0):
 garbage-first heap   total 89088K, used 66315K [0x0000000080000000, 0x0000000100000000)
  region size 1024K, 37 young (37888K), 4 survivors (4096K)
 Metaspace       used 38353K, committed 38912K, reserved 491520K
  class space    used 5392K, committed 5632K, reserved 425984K
}
Event: 4,701 GC heap after
{Heap after GC invocations=10 (full 0):
 garbage-first heap   total 159744K, used 34984K [0x0000000080000000, 0x0000000100000000)
  region size 1024K, 3 young (3072K), 3 survivors (3072K)
 Metaspace       used 38353K, committed 38912K, reserved 491520K
  class space    used 5392K, committed 5632K, reserved 425984K
}
Event: 5,817 GC heap before
{Heap before GC invocations=10 (full 0):
 garbage-first heap   total 159744K, used 126120K [0x0000000080000000, 0x0000000100000000)
  region size 1024K, 91 young (93184K), 3 survivors (3072K)
 Metaspace       used 48596K, committed 49152K, reserved 491520K
  class space    used 6833K, committed 7104K, reserved 425984K
}
Event: 5,822 GC heap after
{Heap after GC invocations=11 (full 0):
 garbage-first heap   total 159744K, used 39400K [0x0000000080000000, 0x0000000100000000)
  region size 1024K, 7 young (7168K), 7 survivors (7168K)
 Metaspace       used 48596K, committed 49152K, reserved 491520K
  class space    used 6833K, committed 7104K, reserved 425984K
}
Event: 6,701 GC heap before
{Heap before GC invocations=11 (full 0):
 garbage-first heap   total 159744K, used 132584K [0x0000000080000000, 0x0000000100000000)
  region size 1024K, 92 young (94208K), 7 survivors (7168K)
 Metaspace       used 54118K, committed 54720K, reserved 491520K
  class space    used 7613K, committed 7872K, reserved 425984K
}
Event: 6,709 GC heap after
{Heap after GC invocations=12 (full 0):
 garbage-first heap   total 159744K, used 53251K [0x0000000080000000, 0x0000000100000000)
  region size 1024K, 12 young (12288K), 12 survivors (12288K)
 Metaspace       used 54118K, committed 54720K, reserved 491520K
  class space    used 7613K, committed 7872K, reserved 425984K
}

